Build started 12/4/2012 8:32:48 PM.
     1>Project "C:\Users\jle33\Documents\Visual Studio 2010\Projects\OpenNI_SkyGest\OpenNI_SkyGest\OpenNI_SkyGest.vcxproj" on node 2 (build target(s)).
     1>InitializeBuildStatus:
         Creating "Release\OpenNI_SkyGest.unsuccessfulbuild" because "AlwaysCreate" was specified.
       ClCompile:
         c:\Program Files (x86)\Microsoft Visual Studio 10.0\VC\bin\CL.exe /c /I"C:\Users\jle33\Documents\Visual Studio 2010\Projects\OpenNI_SkyGest\OpenNI_SkyGest" /I"C:\Program Files (x86)\OpenNI\Include" /Zi /nologo /W3 /WX- /O2 /Oi /Oy- /GL /D _MBCS /Gm- /EHsc /MD /GS /Gy /fp:precise /Zc:wchar_t /Zc:forScope /Fo"Release\\" /Fd"Release\vc100.pdb" /Gd /TP /analyze- /errorReport:prompt NiHandTracker.cpp
         NiHandTracker.cpp
     1>NiHandTracker.cpp(71): warning C4244: 'initializing' : conversion from 'double' to 'long', possible loss of data
       Link:
         c:\Program Files (x86)\Microsoft Visual Studio 10.0\VC\bin\link.exe /ERRORREPORT:PROMPT /OUT:"C:\Users\jle33\Documents\Visual Studio 2010\Projects\OpenNI_SkyGest\Release\OpenNI_SkyGest.exe" /NOLOGO /LIBPATH:"C:\Users\jle33\Documents\Visual Studio 2010\Projects\OpenNI_SkyGest\OpenNI_SkyGest\Release" /LIBPATH:"C:\Users\jle33\Documents\Visual Studio 2010\Projects\OpenNI_SkyGest\OpenNI_SkyGest\Libs" /LIBPATH:"C:\Program Files (x86)\OpenNI\Lib" OpenNI.lib openNI.lib glut32.lib kernel32.lib user32.lib gdi32.lib winspool.lib comdlg32.lib advapi32.lib shell32.lib ole32.lib oleaut32.lib uuid.lib odbc32.lib odbccp32.lib /MANIFEST /ManifestFile:"Release\OpenNI_SkyGest.exe.intermediate.manifest" /MANIFESTUAC:"level='asInvoker' uiAccess='false'" /DEBUG /PDB:"C:\Users\jle33\Documents\Visual Studio 2010\Projects\OpenNI_SkyGest\Release\OpenNI_SkyGest.pdb" /OPT:REF /OPT:ICF /LTCG /TLBID:1 /DYNAMICBASE /NXCOMPAT /IMPLIB:"C:\Users\jle33\Documents\Visual Studio 2010\Projects\OpenNI_SkyGest\Release\OpenNI_SkyGest.lib" /MACHINE:X86 Release\main.obj
         Release\NiHandTracker.obj
         Release\NiHandViewer.obj
         Release\NiSimpleViewer.obj
         Generating code
         Finished generating code
         OpenNI_SkyGest.vcxproj -> C:\Users\jle33\Documents\Visual Studio 2010\Projects\OpenNI_SkyGest\Release\OpenNI_SkyGest.exe
       Manifest:
         c:\Program Files (x86)\Microsoft SDKs\Windows\v7.0A\bin\mt.exe /nologo /verbose /outputresource:"C:\Users\jle33\Documents\Visual Studio 2010\Projects\OpenNI_SkyGest\Release\OpenNI_SkyGest.exe;#1" /manifest Release\OpenNI_SkyGest.exe.intermediate.manifest
       FinalizeBuildStatus:
         Deleting file "Release\OpenNI_SkyGest.unsuccessfulbuild".
         Touching "Release\OpenNI_SkyGest.lastbuildstate".
     1>Done Building Project "C:\Users\jle33\Documents\Visual Studio 2010\Projects\OpenNI_SkyGest\OpenNI_SkyGest\OpenNI_SkyGest.vcxproj" (build target(s)).

Build succeeded.

Time Elapsed 00:00:03.33
